# JRE version: OpenJDK Runtime Environment Zulu16.32+15-CA (16.0.2+7) (build 16.0.2+7)
# Java VM: OpenJDK 64-Bit Server VM Zulu16.32+15-CA (16.0.2+7, mixed mode, tiered, compressed oops, compressed class ptrs, g1 gc, bsd-aarch64)
GC Precious Log:
 CPUs: 14 total, 14 available
 Memory: 49152M
 Large Page Support: Disabled
 NUMA Support: Disabled
 Compressed Oops: Enabled (Zero based)
 Heap Region Size: 8M
 Heap Min Capacity: 8M
 Heap Initial Capacity: 768M
 Heap Max Capacity: 12G
 Pre-touch: Disabled
 Parallel Workers: 11
 Concurrent Workers: 3
 Concurrent Refinement Workers: 11
 Periodic GC: Disabled
Heap:
 garbage-first heap   total 450560K, used 33024K [0x00000004c0000000, 0x00000007c0000000)
  region size 8192K, 3 young (24576K), 1 survivors (8192K)
 Metaspace       used 45866K, committed 46336K, reserved 1097728K
  class space    used 5450K, committed 5696K, reserved 1048576K
GC Heap History (16 events):
Event: 0.500 GC heap before
{Heap before GC invocations=0 (full 0):
 garbage-first heap   total 786432K, used 24576K [0x00000004c0000000, 0x00000007c0000000)
  region size 8192K, 4 young (32768K), 0 survivors (0K)
 Metaspace       used 12751K, committed 12928K, reserved 1064960K
  class space    used 1169K, committed 1216K, reserved 1048576K
}
Event: 0.503 GC heap after
{Heap after GC invocations=1 (full 0):
 garbage-first heap   total 786432K, used 12051K [0x00000004c0000000, 0x00000007c0000000)
  region size 8192K, 1 young (8192K), 1 survivors (8192K)
 Metaspace       used 12751K, committed 12928K, reserved 1064960K
  class space    used 1169K, committed 1216K, reserved 1048576K
}
Event: 0.618 GC heap before
{Heap before GC invocations=1 (full 0):
 garbage-first heap   total 786432K, used 36627K [0x00000004c0000000, 0x00000007c0000000)
  region size 8192K, 4 young (32768K), 1 survivors (8192K)
 Metaspace       used 17399K, committed 17600K, reserved 1064960K
  class space    used 1700K, committed 1792K, reserved 1048576K
}
Event: 0.619 GC heap after
{Heap after GC invocations=2 (full 0):
 garbage-first heap   total 786432K, used 12566K [0x00000004c0000000, 0x00000007c0000000)
  region size 8192K, 1 young (8192K), 1 survivors (8192K)
 Metaspace       used 17399K, committed 17600K, reserved 1064960K
  class space    used 1700K, committed 1792K, reserved 1048576K
}
Event: 0.724 GC heap before
{Heap before GC invocations=2 (full 0):
 garbage-first heap   total 786432K, used 28950K [0x00000004c0000000, 0x00000007c0000000)
  region size 8192K, 4 young (32768K), 1 survivors (8192K)
 Metaspace       used 20954K, committed 21248K, reserved 1073152K
  class space    used 2188K, committed 2368K, reserved 1048576K
}
Event: 0.725 GC heap after
{Heap after GC invocations=3 (full 0):
 garbage-first heap   total 786432K, used 13819K [0x00000004c0000000, 0x00000007c0000000)
  region size 8192K, 1 young (8192K), 1 survivors (8192K)
 Metaspace       used 20954K, committed 21248K, reserved 1073152K
  class space    used 2188K, committed 2368K, reserved 1048576K
}
Event: 0.917 GC heap before
{Heap before GC invocations=4 (full 0):
 garbage-first heap   total 114688K, used 87547K [0x00000004c0000000, 0x00000007c0000000)
  region size 8192K, 10 young (81920K), 1 survivors (8192K)
 Metaspace       used 31610K, committed 31936K, reserved 1081344K
  class space    used 3603K, committed 3776K, reserved 1048576K
}
Event: 0.919 GC heap after
{Heap after GC invocations=5 (full 0):
 garbage-first heap   total 114688K, used 16548K [0x00000004c0000000, 0x00000007c0000000)
  region size 8192K, 1 young (8192K), 1 survivors (8192K)
 Metaspace       used 31610K, committed 31936K, reserved 1081344K
  class space    used 3603K, committed 3776K, reserved 1048576K
}
Event: 1.095 GC heap before
{Heap before GC invocations=5 (full 0):
 garbage-first heap   total 114688K, used 65700K [0x00000004c0000000, 0x00000007c0000000)
  region size 8192K, 7 young (57344K), 1 survivors (8192K)
 Metaspace       used 34784K, committed 35136K, reserved 1081344K
  class space    used 3937K, committed 4096K, reserved 1048576K
}
Event: 1.097 GC heap after
{Heap after GC invocations=6 (full 0):
 garbage-first heap   total 114688K, used 19985K [0x00000004c0000000, 0x00000007c0000000)
  region size 8192K, 1 young (8192K), 1 survivors (8192K)
 Metaspace       used 34784K, committed 35136K, reserved 1081344K
  class space    used 3937K, committed 4096K, reserved 1048576K
}
Event: 1.131 GC heap before
{Heap before GC invocations=6 (full 0):
 garbage-first heap   total 114688K, used 28177K [0x00000004c0000000, 0x00000007c0000000)
  region size 8192K, 3 young (24576K), 1 survivors (8192K)
 Metaspace       used 35334K, committed 35648K, reserved 1081344K
  class space    used 4006K, committed 4160K, reserved 1048576K
}
Event: 1.133 GC heap after
{Heap after GC invocations=7 (full 0):
 garbage-first heap   total 114688K, used 19784K [0x00000004c0000000, 0x00000007c0000000)
  region size 8192K, 1 young (8192K), 1 survivors (8192K)
 Metaspace       used 35334K, committed 35648K, reserved 1081344K
  class space    used 4006K, committed 4160K, reserved 1048576K
}
Event: 1.300 GC heap before
{Heap before GC invocations=8 (full 0):
 garbage-first heap   total 114688K, used 60744K [0x00000004c0000000, 0x00000007c0000000)
  region size 8192K, 6 young (49152K), 1 survivors (8192K)
 Metaspace       used 39715K, committed 40128K, reserved 1089536K
  class space    used 4660K, committed 4864K, reserved 1048576K
}
Event: 1.303 GC heap after
{Heap after GC invocations=9 (full 0):
 garbage-first heap   total 114688K, used 21356K [0x00000004c0000000, 0x00000007c0000000)
  region size 8192K, 1 young (8192K), 1 survivors (8192K)
 Metaspace       used 39715K, committed 40128K, reserved 1089536K
  class space    used 4660K, committed 4864K, reserved 1048576K
}
Event: 1.536 GC heap before
{Heap before GC invocations=9 (full 0):
 garbage-first heap   total 114688K, used 70508K [0x00000004c0000000, 0x00000007c0000000)
  region size 8192K, 7 young (57344K), 1 survivors (8192K)
 Metaspace       used 43901K, committed 44352K, reserved 1089536K
  class space    used 5203K, committed 5440K, reserved 1048576K
}
Event: 1.541 GC heap after
{Heap after GC invocations=10 (full 0):
 garbage-first heap   total 450560K, used 24832K [0x00000004c0000000, 0x00000007c0000000)
  region size 8192K, 1 young (8192K), 1 survivors (8192K)
 Metaspace       used 43901K, committed 44352K, reserved 1089536K
  class space    used 5203K, committed 5440K, reserved 1048576K
}

